{"/Users/maheshhaldar/Documents/personal/blog/use-key-hook/src/index.js": {"path":"/Users/maheshhaldar/Documents/personal/blog/use-key-hook/src/index.js","statementMap":{"0":{"start":{"line":1,"column":22},"end":{"line":1,"column":38}},"1":{"start":{"line":2,"column":27},"end":{"line":2,"column":44}},"2":{"start":{"line":3,"column":22},"end":{"line":3,"column":24}},"3":{"start":{"line":4,"column":15},"end":{"line":24,"column":1}},"4":{"start":{"line":5,"column":2},"end":{"line":23,"column":19}},"5":{"start":{"line":6,"column":4},"end":{"line":8,"column":5}},"6":{"start":{"line":7,"column":6},"end":{"line":7,"column":24}},"7":{"start":{"line":9,"column":4},"end":{"line":11,"column":5}},"8":{"start":{"line":10,"column":6},"end":{"line":10,"column":43}},"9":{"start":{"line":13,"column":4},"end":{"line":16,"column":5}},"10":{"start":{"line":14,"column":6},"end":{"line":14,"column":16}},"11":{"start":{"line":15,"column":6},"end":{"line":15,"column":44}},"12":{"start":{"line":18,"column":23},"end":{"line":18,"column":100}},"13":{"start":{"line":18,"column":32},"end":{"line":18,"column":100}},"14":{"start":{"line":19,"column":4},"end":{"line":19,"column":60}},"15":{"start":{"line":20,"column":4},"end":{"line":22,"column":6}},"16":{"start":{"line":21,"column":6},"end":{"line":21,"column":65}},"17":{"start":{"line":26,"column":0},"end":{"line":26,"column":24}}},"fnMap":{"0":{"name":"(anonymous_0)","decl":{"start":{"line":4,"column":15},"end":{"line":4,"column":16}},"loc":{"start":{"line":4,"column":87},"end":{"line":24,"column":1}},"line":4},"1":{"name":"(anonymous_1)","decl":{"start":{"line":5,"column":12},"end":{"line":5,"column":13}},"loc":{"start":{"line":5,"column":18},"end":{"line":23,"column":3}},"line":5},"2":{"name":"(anonymous_2)","decl":{"start":{"line":18,"column":23},"end":{"line":18,"column":24}},"loc":{"start":{"line":18,"column":32},"end":{"line":18,"column":100}},"line":18},"3":{"name":"(anonymous_3)","decl":{"start":{"line":20,"column":11},"end":{"line":20,"column":12}},"loc":{"start":{"line":20,"column":17},"end":{"line":22,"column":5}},"line":20}},"branchMap":{"0":{"loc":{"start":{"line":4,"column":26},"end":{"line":4,"column":43}},"type":"default-arg","locations":[{"start":{"line":4,"column":41},"end":{"line":4,"column":43}}],"line":4},"1":{"loc":{"start":{"line":4,"column":28},"end":{"line":4,"column":37}},"type":"default-arg","locations":[{"start":{"line":4,"column":35},"end":{"line":4,"column":37}}],"line":4},"2":{"loc":{"start":{"line":4,"column":45},"end":{"line":4,"column":82}},"type":"default-arg","locations":[{"start":{"line":4,"column":80},"end":{"line":4,"column":82}}],"line":4},"3":{"loc":{"start":{"line":4,"column":47},"end":{"line":4,"column":75}},"type":"default-arg","locations":[{"start":{"line":4,"column":62},"end":{"line":4,"column":75}}],"line":4},"4":{"loc":{"start":{"line":6,"column":4},"end":{"line":8,"column":5}},"type":"if","locations":[{"start":{"line":6,"column":4},"end":{"line":8,"column":5}},{"start":{"line":6,"column":4},"end":{"line":8,"column":5}}],"line":6},"5":{"loc":{"start":{"line":6,"column":8},"end":{"line":6,"column":48}},"type":"binary-expr","locations":[{"start":{"line":6,"column":8},"end":{"line":6,"column":15}},{"start":{"line":6,"column":19},"end":{"line":6,"column":35}},{"start":{"line":6,"column":39},"end":{"line":6,"column":48}}],"line":6},"6":{"loc":{"start":{"line":9,"column":4},"end":{"line":11,"column":5}},"type":"if","locations":[{"start":{"line":9,"column":4},"end":{"line":11,"column":5}},{"start":{"line":9,"column":4},"end":{"line":11,"column":5}}],"line":9},"7":{"loc":{"start":{"line":13,"column":4},"end":{"line":16,"column":5}},"type":"if","locations":[{"start":{"line":13,"column":4},"end":{"line":16,"column":5}},{"start":{"line":13,"column":4},"end":{"line":16,"column":5}}],"line":13},"8":{"loc":{"start":{"line":18,"column":32},"end":{"line":18,"column":100}},"type":"binary-expr","locations":[{"start":{"line":18,"column":32},"end":{"line":18,"column":81}},{"start":{"line":18,"column":85},"end":{"line":18,"column":100}}],"line":18}},"s":{"0":1,"1":1,"2":1,"3":1,"4":4,"5":4,"6":1,"7":3,"8":0,"9":3,"10":1,"11":1,"12":3,"13":0,"14":3,"15":3,"16":3,"17":1},"f":{"0":4,"1":4,"2":0,"3":3},"b":{"0":[2],"1":[2],"2":[4],"3":[4],"4":[1,3],"5":[4,4,4],"6":[0,3],"7":[1,2],"8":[0,0]},"_coverageSchema":"332fd63041d2c1bcb487cc26dd0d5f7d97098a6c","hash":"7113a26533d35f3487e5856aa06c05a0a5ba6761"}
,"/Users/maheshhaldar/Documents/personal/blog/use-key-hook/src/keys.js": {"path":"/Users/maheshhaldar/Documents/personal/blog/use-key-hook/src/keys.js","statementMap":{"0":{"start":{"line":1,"column":27},"end":{"line":9,"column":3}},"1":{"start":{"line":2,"column":4},"end":{"line":4,"column":5}},"2":{"start":{"line":3,"column":8},"end":{"line":3,"column":25}},"3":{"start":{"line":5,"column":4},"end":{"line":7,"column":5}},"4":{"start":{"line":6,"column":6},"end":{"line":6,"column":18}},"5":{"start":{"line":8,"column":4},"end":{"line":8,"column":17}},"6":{"start":{"line":10,"column":2},"end":{"line":10,"column":38}}},"fnMap":{"0":{"name":"(anonymous_0)","decl":{"start":{"line":1,"column":27},"end":{"line":1,"column":28}},"loc":{"start":{"line":1,"column":58},"end":{"line":9,"column":3}},"line":1}},"branchMap":{"0":{"loc":{"start":{"line":1,"column":37},"end":{"line":1,"column":53}},"type":"default-arg","locations":[{"start":{"line":1,"column":51},"end":{"line":1,"column":53}}],"line":1},"1":{"loc":{"start":{"line":2,"column":4},"end":{"line":4,"column":5}},"type":"if","locations":[{"start":{"line":2,"column":4},"end":{"line":4,"column":5}},{"start":{"line":2,"column":4},"end":{"line":4,"column":5}}],"line":2},"2":{"loc":{"start":{"line":5,"column":4},"end":{"line":7,"column":5}},"type":"if","locations":[{"start":{"line":5,"column":4},"end":{"line":7,"column":5}},{"start":{"line":5,"column":4},"end":{"line":7,"column":5}}],"line":5},"3":{"loc":{"start":{"line":5,"column":8},"end":{"line":5,"column":65}},"type":"binary-expr","locations":[{"start":{"line":5,"column":8},"end":{"line":5,"column":37}},{"start":{"line":5,"column":41},"end":{"line":5,"column":65}}],"line":5}},"s":{"0":2,"1":3,"2":1,"3":3,"4":2,"5":1,"6":2},"f":{"0":3},"b":{"0":[0],"1":[1,2],"2":[2,1],"3":[3,2]},"_coverageSchema":"332fd63041d2c1bcb487cc26dd0d5f7d97098a6c","hash":"9086ab47644aeacad3ec0af319784638644d05c9"}
}
